<?xml version="1.0" encoding="UTF-8"?>
<testng-results skipped="0" failed="0" total="4" passed="4">
  <reporter-output>
  </reporter-output>
  <suite name="Default suite" duration-ms="20121" started-at="2021-10-26T10:34:17Z" finished-at="2021-10-26T10:34:37Z">
    <groups>
    </groups>
    <test name="Default test" duration-ms="20121" started-at="2021-10-26T10:34:17Z" finished-at="2021-10-26T10:34:37Z">
      <class name="tests.termin18.Zadatak1">
        <test-method status="PASS" signature="initalize()[pri:0, instance:tests.termin18.Zadatak1@174d20a]" name="initalize" is-config="true" duration-ms="2556" started-at="2021-10-26T10:34:15Z" finished-at="2021-10-26T10:34:17Z">
        </test-method> <!-- initalize -->
        <test-method status="PASS" signature="login()[pri:0, instance:tests.termin18.Zadatak1@174d20a]" name="login" duration-ms="575" started-at="2021-10-26T10:34:17Z" finished-at="2021-10-26T10:34:18Z">
        </test-method> <!-- login -->
        <test-method status="PASS" signature="testAddStudent()[pri:0, instance:tests.termin18.Zadatak1@174d20a]" name="testAddStudent" duration-ms="11037" started-at="2021-10-26T10:34:18Z" depends-on-methods="tests.termin18.Zadatak1.login" finished-at="2021-10-26T10:34:29Z">
        </test-method> <!-- testAddStudent -->
        <test-method status="PASS" signature="testEditStudent()[pri:0, instance:tests.termin18.Zadatak1@174d20a]" name="testEditStudent" duration-ms="3231" started-at="2021-10-26T10:34:29Z" depends-on-methods="tests.termin18.Zadatak1.testAddStudent" finished-at="2021-10-26T10:34:32Z">
        </test-method> <!-- testEditStudent -->
        <test-method status="PASS" signature="testDeleteStudent()[pri:0, instance:tests.termin18.Zadatak1@174d20a]" name="testDeleteStudent" duration-ms="5267" started-at="2021-10-26T10:34:32Z" depends-on-methods="tests.termin18.Zadatak1.testEditStudent" finished-at="2021-10-26T10:34:37Z">
        </test-method> <!-- testDeleteStudent -->
        <test-method status="PASS" signature="quitDriver()[pri:0, instance:tests.termin18.Zadatak1@174d20a]" name="quitDriver" is-config="true" duration-ms="95" started-at="2021-10-26T10:34:38Z" finished-at="2021-10-26T10:34:38Z">
        </test-method> <!-- quitDriver -->
      </class> <!-- tests.termin18.Zadatak1 -->
    </test> <!-- Default test -->
  </suite> <!-- Default suite -->
</testng-results>
