<?xml version="1.0" encoding="UTF-8"?>
<!-- Generated by org.testng.reporters.JUnitXMLReporter -->
<testsuite hostname="Minas-MacBook-Pro.local" name="Default test" tests="4" failures="0" timestamp="26 Oct 2021 08:34:38 GMT" time="20.121" errors="0">
  <testcase name="login" time="0.575" classname="tests.termin18.Zadatak1"/>
  <testcase name="testAddStudent" time="11.037" classname="tests.termin18.Zadatak1"/>
  <testcase name="testEditStudent" time="3.231" classname="tests.termin18.Zadatak1"/>
  <testcase name="testDeleteStudent" time="5.267" classname="tests.termin18.Zadatak1"/>
</testsuite> <!-- Default test -->
